#! /usr/bin/vvp
:ivl_version "0.9.7 " "(v0_9_7)";
:vpi_time_precision + 0;
:vpi_module "system";
:vpi_module "v2005_math";
:vpi_module "va_math";
S_0x1442f70 .scope module, "comparator" "comparator" 2 1;
 .timescale 0 0;
P_0x1465958 .param/l "DW" 2 3, +C4<01000>;
v0x14430c0_0 .net "clk", 0 0, C4<z>; 0 drivers
v0x1475660_0 .net "inp", 7 0, C4<zzzzzzzz>; 0 drivers
v0x1475700_0 .var "max", 7 0;
v0x14757a0_0 .var "out_min", 7 0;
v0x1475850_0 .net "substract", 0 0, C4<z>; 0 drivers
E_0x1443060 .event posedge, v0x14430c0_0;
E_0x1443090 .event edge, v0x1475700_0, v0x1475660_0;
    .scope S_0x1442f70;
T_0 ;
    %set/v v0x1475700_0, 0, 8;
    %end;
    .thread T_0;
    .scope S_0x1442f70;
T_1 ;
    %wait E_0x1443090;
    %load/v 8, v0x1475700_0, 8;
    %load/v 16, v0x1475660_0, 8;
    %cmp/u 8, 16, 8;
    %jmp/0xz  T_1.0, 5;
    %load/v 8, v0x1475700_0, 8;
    %ix/load 0, 8, 0;
    %assign/v0 v0x14757a0_0, 0, 8;
    %load/v 8, v0x1475660_0, 8;
    %ix/load 0, 8, 0;
    %assign/v0 v0x1475700_0, 0, 8;
    %jmp T_1.1;
T_1.0 ;
    %load/v 8, v0x1475660_0, 8;
    %ix/load 0, 8, 0;
    %assign/v0 v0x14757a0_0, 0, 8;
T_1.1 ;
    %jmp T_1;
    .thread T_1, $push;
    .scope S_0x1442f70;
T_2 ;
    %wait E_0x1443060;
    %load/v 8, v0x1475850_0, 1;
    %jmp/0xz  T_2.0, 8;
    %ix/load 0, 1, 0;
    %ix/load 1, 7, 0;
    %assign/v0/x1 v0x1475700_0, 0, 0;
T_2.0 ;
    %jmp T_2;
    .thread T_2;
# The file index is used to find the file name in the following table.
:file_names 3;
    "N/A";
    "<interactive>";
    "comparator.v";
