#! /usr/local/Cellar/icarus-verilog/0.9.7/bin/vvp
:ivl_version "0.9.7 " "(v0_9_7)";
:vpi_time_precision + 0;
:vpi_module "system";
:vpi_module "v2005_math";
:vpi_module "va_math";
S_0x7faa9ad03b90 .scope module, "past_sequence_adder" "past_sequence_adder" 2 1;
 .timescale 0 0;
P_0x7faa9ad03f58 .param/l "DW" 2 4, +C4<01000>;
P_0x7faa9ad03f80 .param/l "N" 2 3, +C4<0100>;
v0x7faa9ad00280_0 .net "clk", 0 0, C4<z>; 0 drivers
v0x7faa9ad14c10_0 .net "inp", 7 0, C4<zzzzzzzz>; 0 drivers
v0x7faa9ad14ca0_0 .net "outp", 7 0, C4<zzzzzzzz>; 0 drivers
v0x7faa9ad14d40 .array "regs", 256 1, 7 0;
v0x7faa9ad15dc0 .array "sums", 4 0;
v0x7faa9ad15dc0_0 .net v0x7faa9ad15dc0 0, 7 0, C4<zzzzzzzz>; 0 drivers
v0x7faa9ad15dc0_1 .net v0x7faa9ad15dc0 1, 7 0, L_0x7faa9ad161c0; 1 drivers
v0x7faa9ad15dc0_2 .net v0x7faa9ad15dc0 2, 7 0, L_0x7faa9ad15ef0; 1 drivers
v0x7faa9ad15dc0_3 .net v0x7faa9ad15dc0 3, 7 0, L_0x7faa9ad15fe0; 1 drivers
v0x7faa9ad15dc0_4 .net v0x7faa9ad15dc0 4, 7 0, L_0x7faa9ad160d0; 1 drivers
E_0x7faa9ad00800 .event posedge, v0x7faa9ad00280_0;
v0x7faa9ad14d40_0 .array/port v0x7faa9ad14d40, 0;
L_0x7faa9ad161c0 .arith/sum 8, v0x7faa9ad14d40_0, C4<zzzzzzzz>;
S_0x7faa9ad00020 .scope generate, "sum_loop[2]" "sum_loop[2]" 2 20, 2 20, S_0x7faa9ad03b90;
 .timescale 0 0;
P_0x7faa9ad050a8 .param/l "i" 2 20, +C4<010>;
v0x7faa9ad14d40_17 .array/port v0x7faa9ad14d40, 17;
L_0x7faa9ad15ef0 .arith/sum 8, L_0x7faa9ad161c0, v0x7faa9ad14d40_17;
S_0x7faa9ad03a90 .scope generate, "sum_loop[3]" "sum_loop[3]" 2 20, 2 20, S_0x7faa9ad03b90;
 .timescale 0 0;
P_0x7faa9ad00518 .param/l "i" 2 20, +C4<011>;
v0x7faa9ad14d40_35 .array/port v0x7faa9ad14d40, 35;
L_0x7faa9ad15fe0 .arith/sum 8, L_0x7faa9ad15ef0, v0x7faa9ad14d40_35;
S_0x7faa9ad039b0 .scope generate, "sum_loop[4]" "sum_loop[4]" 2 20, 2 20, S_0x7faa9ad03b90;
 .timescale 0 0;
P_0x7faa9ad00ed8 .param/l "i" 2 20, +C4<0100>;
v0x7faa9ad14d40_71 .array/port v0x7faa9ad14d40, 71;
L_0x7faa9ad160d0 .arith/sum 8, L_0x7faa9ad15fe0, v0x7faa9ad14d40_71;
    .scope S_0x7faa9ad03b90;
T_0 ;
    %wait E_0x7faa9ad00800;
    %jmp T_0;
    .thread T_0;
# The file index is used to find the file name in the following table.
:file_names 3;
    "N/A";
    "<interactive>";
    "past_sequence_adder.v";
