#! /usr/bin/vvp
:ivl_version "0.9.7 " "(v0_9_7)";
:vpi_time_precision + 0;
:vpi_module "system";
:vpi_module "v2005_math";
:vpi_module "va_math";
S_0x1d163a0 .scope module, "balance_tree_adder" "balance_tree_adder" 2 1;
 .timescale 0 0;
P_0x1d16698 .param/l "DW" 2 4, +C4<01000>;
P_0x1d166c0 .param/l "N" 2 3, +C4<0100>;
v0x1d3b820_0 .net *"_s17", 31 0, L_0x1d40230; 1 drivers
v0x1d3b8e0_0 .net *"_s20", 23 0, C4<000000000000000000000000>; 1 drivers
v0x1d3b980_0 .net *"_s22", 31 0, L_0x1d403a0; 1 drivers
v0x1d3ba20_0 .net *"_s25", 23 0, C4<000000000000000000000000>; 1 drivers
v0x1d3bad0_0 .net "clk", 0 0, C4<z>; 0 drivers
v0x1d3bb70_0 .net "inp", 127 0, C4<zzzzzzzzzzzzzzzzzzzzzzzzzzzzzzzzzzzzzzzzzzzzzzzzzzzzzzzzzzzzzzzzzzzzzzzzzzzzzzzzzzzzzzzzzzzzzzzzzzzzzzzzzzzzzzzzzzzzzzzzzzzzzzzz>; 0 drivers
v0x1d3bc50_0 .net "outp", 31 0, L_0x1d40530; 1 drivers
v0x1d3bcf0 .array "regs", 256 1;
v0x1d3bcf0_0 .net v0x1d3bcf0 0, 7 0, C4<zzzzzzzz>; 0 drivers
v0x1d3bcf0_1 .net v0x1d3bcf0 1, 7 0, C4<zzzzzzzz>; 0 drivers
v0x1d3bcf0_2 .net v0x1d3bcf0 2, 7 0, C4<zzzzzzzz>; 0 drivers
v0x1d3bcf0_3 .net v0x1d3bcf0 3, 7 0, C4<zzzzzzzz>; 0 drivers
v0x1d3bcf0_4 .net v0x1d3bcf0 4, 7 0, C4<zzzzzzzz>; 0 drivers
v0x1d3bcf0_5 .net v0x1d3bcf0 5, 7 0, C4<zzzzzzzz>; 0 drivers
v0x1d3bcf0_6 .net v0x1d3bcf0 6, 7 0, C4<zzzzzzzz>; 0 drivers
v0x1d3bcf0_7 .net v0x1d3bcf0 7, 7 0, C4<zzzzzzzz>; 0 drivers
v0x1d3bcf0_8 .net v0x1d3bcf0 8, 7 0, L_0x1d3e790; 1 drivers
v0x1d3bcf0_9 .net v0x1d3bcf0 9, 7 0, L_0x1d3eb70; 1 drivers
v0x1d3bcf0_10 .net v0x1d3bcf0 10, 7 0, L_0x1d3ee40; 1 drivers
v0x1d3bcf0_11 .net v0x1d3bcf0 11, 7 0, L_0x1d3f1d0; 1 drivers
v0x1d3bcf0_12 .net v0x1d3bcf0 12, 7 0, L_0x1d3f4b0; 1 drivers
v0x1d3bcf0_13 .net v0x1d3bcf0 13, 7 0, L_0x1d3f740; 1 drivers
v0x1d3bcf0_14 .net v0x1d3bcf0 14, 7 0, L_0x1d3fae0; 1 drivers
v0x1d3bcf0_15 .net v0x1d3bcf0 15, 7 0, L_0x1d3ffa0; 1 drivers
v0x1d3bcf0_16 .net v0x1d3bcf0 16, 7 0, L_0x1d40090; 1 drivers
v0x1d3bcf0_17 .net v0x1d3bcf0 17, 7 0, L_0x1d40130; 1 drivers
v0x1d3bcf0_18 .net v0x1d3bcf0 18, 7 0, C4<zzzzzzzz>; 0 drivers
v0x1d3bcf0_19 .net v0x1d3bcf0 19, 7 0, C4<zzzzzzzz>; 0 drivers
v0x1d3bcf0_20 .net v0x1d3bcf0 20, 7 0, C4<zzzzzzzz>; 0 drivers
v0x1d3bcf0_21 .net v0x1d3bcf0 21, 7 0, C4<zzzzzzzz>; 0 drivers
v0x1d3bcf0_22 .net v0x1d3bcf0 22, 7 0, C4<zzzzzzzz>; 0 drivers
v0x1d3bcf0_23 .net v0x1d3bcf0 23, 7 0, C4<zzzzzzzz>; 0 drivers
v0x1d3bcf0_24 .net v0x1d3bcf0 24, 7 0, C4<zzzzzzzz>; 0 drivers
v0x1d3bcf0_25 .net v0x1d3bcf0 25, 7 0, C4<zzzzzzzz>; 0 drivers
v0x1d3bcf0_26 .net v0x1d3bcf0 26, 7 0, C4<zzzzzzzz>; 0 drivers
v0x1d3bcf0_27 .net v0x1d3bcf0 27, 7 0, C4<zzzzzzzz>; 0 drivers
v0x1d3bcf0_28 .net v0x1d3bcf0 28, 7 0, C4<zzzzzzzz>; 0 drivers
v0x1d3bcf0_29 .net v0x1d3bcf0 29, 7 0, C4<zzzzzzzz>; 0 drivers
v0x1d3bcf0_30 .net v0x1d3bcf0 30, 7 0, C4<zzzzzzzz>; 0 drivers
v0x1d3bcf0_31 .net v0x1d3bcf0 31, 7 0, C4<zzzzzzzz>; 0 drivers
v0x1d3bcf0_32 .net v0x1d3bcf0 32, 7 0, C4<zzzzzzzz>; 0 drivers
v0x1d3bcf0_33 .net v0x1d3bcf0 33, 7 0, C4<zzzzzzzz>; 0 drivers
v0x1d3bcf0_34 .net v0x1d3bcf0 34, 7 0, C4<zzzzzzzz>; 0 drivers
v0x1d3bcf0_35 .net v0x1d3bcf0 35, 7 0, C4<zzzzzzzz>; 0 drivers
v0x1d3bcf0_36 .net v0x1d3bcf0 36, 7 0, C4<zzzzzzzz>; 0 drivers
v0x1d3bcf0_37 .net v0x1d3bcf0 37, 7 0, C4<zzzzzzzz>; 0 drivers
v0x1d3bcf0_38 .net v0x1d3bcf0 38, 7 0, C4<zzzzzzzz>; 0 drivers
v0x1d3bcf0_39 .net v0x1d3bcf0 39, 7 0, C4<zzzzzzzz>; 0 drivers
v0x1d3bcf0_40 .net v0x1d3bcf0 40, 7 0, C4<zzzzzzzz>; 0 drivers
v0x1d3bcf0_41 .net v0x1d3bcf0 41, 7 0, C4<zzzzzzzz>; 0 drivers
v0x1d3bcf0_42 .net v0x1d3bcf0 42, 7 0, C4<zzzzzzzz>; 0 drivers
v0x1d3bcf0_43 .net v0x1d3bcf0 43, 7 0, C4<zzzzzzzz>; 0 drivers
v0x1d3bcf0_44 .net v0x1d3bcf0 44, 7 0, C4<zzzzzzzz>; 0 drivers
v0x1d3bcf0_45 .net v0x1d3bcf0 45, 7 0, C4<zzzzzzzz>; 0 drivers
v0x1d3bcf0_46 .net v0x1d3bcf0 46, 7 0, C4<zzzzzzzz>; 0 drivers
v0x1d3bcf0_47 .net v0x1d3bcf0 47, 7 0, C4<zzzzzzzz>; 0 drivers
v0x1d3bcf0_48 .net v0x1d3bcf0 48, 7 0, C4<zzzzzzzz>; 0 drivers
v0x1d3bcf0_49 .net v0x1d3bcf0 49, 7 0, C4<zzzzzzzz>; 0 drivers
v0x1d3bcf0_50 .net v0x1d3bcf0 50, 7 0, C4<zzzzzzzz>; 0 drivers
v0x1d3bcf0_51 .net v0x1d3bcf0 51, 7 0, C4<zzzzzzzz>; 0 drivers
v0x1d3bcf0_52 .net v0x1d3bcf0 52, 7 0, C4<zzzzzzzz>; 0 drivers
v0x1d3bcf0_53 .net v0x1d3bcf0 53, 7 0, C4<zzzzzzzz>; 0 drivers
v0x1d3bcf0_54 .net v0x1d3bcf0 54, 7 0, C4<zzzzzzzz>; 0 drivers
v0x1d3bcf0_55 .net v0x1d3bcf0 55, 7 0, C4<zzzzzzzz>; 0 drivers
v0x1d3bcf0_56 .net v0x1d3bcf0 56, 7 0, C4<zzzzzzzz>; 0 drivers
v0x1d3bcf0_57 .net v0x1d3bcf0 57, 7 0, C4<zzzzzzzz>; 0 drivers
v0x1d3bcf0_58 .net v0x1d3bcf0 58, 7 0, C4<zzzzzzzz>; 0 drivers
v0x1d3bcf0_59 .net v0x1d3bcf0 59, 7 0, C4<zzzzzzzz>; 0 drivers
v0x1d3bcf0_60 .net v0x1d3bcf0 60, 7 0, C4<zzzzzzzz>; 0 drivers
v0x1d3bcf0_61 .net v0x1d3bcf0 61, 7 0, C4<zzzzzzzz>; 0 drivers
v0x1d3bcf0_62 .net v0x1d3bcf0 62, 7 0, C4<zzzzzzzz>; 0 drivers
v0x1d3bcf0_63 .net v0x1d3bcf0 63, 7 0, C4<zzzzzzzz>; 0 drivers
v0x1d3bcf0_64 .net v0x1d3bcf0 64, 7 0, C4<zzzzzzzz>; 0 drivers
v0x1d3bcf0_65 .net v0x1d3bcf0 65, 7 0, C4<zzzzzzzz>; 0 drivers
v0x1d3bcf0_66 .net v0x1d3bcf0 66, 7 0, C4<zzzzzzzz>; 0 drivers
v0x1d3bcf0_67 .net v0x1d3bcf0 67, 7 0, C4<zzzzzzzz>; 0 drivers
v0x1d3bcf0_68 .net v0x1d3bcf0 68, 7 0, C4<zzzzzzzz>; 0 drivers
v0x1d3bcf0_69 .net v0x1d3bcf0 69, 7 0, C4<zzzzzzzz>; 0 drivers
v0x1d3bcf0_70 .net v0x1d3bcf0 70, 7 0, C4<zzzzzzzz>; 0 drivers
v0x1d3bcf0_71 .net v0x1d3bcf0 71, 7 0, C4<zzzzzzzz>; 0 drivers
v0x1d3bcf0_72 .net v0x1d3bcf0 72, 7 0, C4<zzzzzzzz>; 0 drivers
v0x1d3bcf0_73 .net v0x1d3bcf0 73, 7 0, C4<zzzzzzzz>; 0 drivers
v0x1d3bcf0_74 .net v0x1d3bcf0 74, 7 0, C4<zzzzzzzz>; 0 drivers
v0x1d3bcf0_75 .net v0x1d3bcf0 75, 7 0, C4<zzzzzzzz>; 0 drivers
v0x1d3bcf0_76 .net v0x1d3bcf0 76, 7 0, C4<zzzzzzzz>; 0 drivers
v0x1d3bcf0_77 .net v0x1d3bcf0 77, 7 0, C4<zzzzzzzz>; 0 drivers
v0x1d3bcf0_78 .net v0x1d3bcf0 78, 7 0, C4<zzzzzzzz>; 0 drivers
v0x1d3bcf0_79 .net v0x1d3bcf0 79, 7 0, C4<zzzzzzzz>; 0 drivers
v0x1d3bcf0_80 .net v0x1d3bcf0 80, 7 0, C4<zzzzzzzz>; 0 drivers
v0x1d3bcf0_81 .net v0x1d3bcf0 81, 7 0, C4<zzzzzzzz>; 0 drivers
v0x1d3bcf0_82 .net v0x1d3bcf0 82, 7 0, C4<zzzzzzzz>; 0 drivers
v0x1d3bcf0_83 .net v0x1d3bcf0 83, 7 0, C4<zzzzzzzz>; 0 drivers
v0x1d3bcf0_84 .net v0x1d3bcf0 84, 7 0, C4<zzzzzzzz>; 0 drivers
v0x1d3bcf0_85 .net v0x1d3bcf0 85, 7 0, C4<zzzzzzzz>; 0 drivers
v0x1d3bcf0_86 .net v0x1d3bcf0 86, 7 0, C4<zzzzzzzz>; 0 drivers
v0x1d3bcf0_87 .net v0x1d3bcf0 87, 7 0, C4<zzzzzzzz>; 0 drivers
v0x1d3bcf0_88 .net v0x1d3bcf0 88, 7 0, C4<zzzzzzzz>; 0 drivers
v0x1d3bcf0_89 .net v0x1d3bcf0 89, 7 0, C4<zzzzzzzz>; 0 drivers
v0x1d3bcf0_90 .net v0x1d3bcf0 90, 7 0, C4<zzzzzzzz>; 0 drivers
v0x1d3bcf0_91 .net v0x1d3bcf0 91, 7 0, C4<zzzzzzzz>; 0 drivers
v0x1d3bcf0_92 .net v0x1d3bcf0 92, 7 0, C4<zzzzzzzz>; 0 drivers
v0x1d3bcf0_93 .net v0x1d3bcf0 93, 7 0, C4<zzzzzzzz>; 0 drivers
v0x1d3bcf0_94 .net v0x1d3bcf0 94, 7 0, C4<zzzzzzzz>; 0 drivers
v0x1d3bcf0_95 .net v0x1d3bcf0 95, 7 0, C4<zzzzzzzz>; 0 drivers
v0x1d3bcf0_96 .net v0x1d3bcf0 96, 7 0, C4<zzzzzzzz>; 0 drivers
v0x1d3bcf0_97 .net v0x1d3bcf0 97, 7 0, C4<zzzzzzzz>; 0 drivers
v0x1d3bcf0_98 .net v0x1d3bcf0 98, 7 0, C4<zzzzzzzz>; 0 drivers
v0x1d3bcf0_99 .net v0x1d3bcf0 99, 7 0, C4<zzzzzzzz>; 0 drivers
v0x1d3bcf0_100 .net v0x1d3bcf0 100, 7 0, C4<zzzzzzzz>; 0 drivers
v0x1d3bcf0_101 .net v0x1d3bcf0 101, 7 0, C4<zzzzzzzz>; 0 drivers
v0x1d3bcf0_102 .net v0x1d3bcf0 102, 7 0, C4<zzzzzzzz>; 0 drivers
v0x1d3bcf0_103 .net v0x1d3bcf0 103, 7 0, C4<zzzzzzzz>; 0 drivers
v0x1d3bcf0_104 .net v0x1d3bcf0 104, 7 0, C4<zzzzzzzz>; 0 drivers
v0x1d3bcf0_105 .net v0x1d3bcf0 105, 7 0, C4<zzzzzzzz>; 0 drivers
v0x1d3bcf0_106 .net v0x1d3bcf0 106, 7 0, C4<zzzzzzzz>; 0 drivers
v0x1d3bcf0_107 .net v0x1d3bcf0 107, 7 0, C4<zzzzzzzz>; 0 drivers
v0x1d3bcf0_108 .net v0x1d3bcf0 108, 7 0, C4<zzzzzzzz>; 0 drivers
v0x1d3bcf0_109 .net v0x1d3bcf0 109, 7 0, C4<zzzzzzzz>; 0 drivers
v0x1d3bcf0_110 .net v0x1d3bcf0 110, 7 0, C4<zzzzzzzz>; 0 drivers
v0x1d3bcf0_111 .net v0x1d3bcf0 111, 7 0, C4<zzzzzzzz>; 0 drivers
v0x1d3bcf0_112 .net v0x1d3bcf0 112, 7 0, C4<zzzzzzzz>; 0 drivers
v0x1d3bcf0_113 .net v0x1d3bcf0 113, 7 0, C4<zzzzzzzz>; 0 drivers
v0x1d3bcf0_114 .net v0x1d3bcf0 114, 7 0, C4<zzzzzzzz>; 0 drivers
v0x1d3bcf0_115 .net v0x1d3bcf0 115, 7 0, C4<zzzzzzzz>; 0 drivers
v0x1d3bcf0_116 .net v0x1d3bcf0 116, 7 0, C4<zzzzzzzz>; 0 drivers
v0x1d3bcf0_117 .net v0x1d3bcf0 117, 7 0, C4<zzzzzzzz>; 0 drivers
v0x1d3bcf0_118 .net v0x1d3bcf0 118, 7 0, C4<zzzzzzzz>; 0 drivers
v0x1d3bcf0_119 .net v0x1d3bcf0 119, 7 0, C4<zzzzzzzz>; 0 drivers
v0x1d3bcf0_120 .net v0x1d3bcf0 120, 7 0, C4<zzzzzzzz>; 0 drivers
v0x1d3bcf0_121 .net v0x1d3bcf0 121, 7 0, C4<zzzzzzzz>; 0 drivers
v0x1d3bcf0_122 .net v0x1d3bcf0 122, 7 0, C4<zzzzzzzz>; 0 drivers
v0x1d3bcf0_123 .net v0x1d3bcf0 123, 7 0, C4<zzzzzzzz>; 0 drivers
v0x1d3bcf0_124 .net v0x1d3bcf0 124, 7 0, C4<zzzzzzzz>; 0 drivers
v0x1d3bcf0_125 .net v0x1d3bcf0 125, 7 0, C4<zzzzzzzz>; 0 drivers
v0x1d3bcf0_126 .net v0x1d3bcf0 126, 7 0, C4<zzzzzzzz>; 0 drivers
v0x1d3bcf0_127 .net v0x1d3bcf0 127, 7 0, C4<zzzzzzzz>; 0 drivers
v0x1d3bcf0_128 .net v0x1d3bcf0 128, 7 0, C4<zzzzzzzz>; 0 drivers
v0x1d3bcf0_129 .net v0x1d3bcf0 129, 7 0, C4<zzzzzzzz>; 0 drivers
v0x1d3bcf0_130 .net v0x1d3bcf0 130, 7 0, C4<zzzzzzzz>; 0 drivers
v0x1d3bcf0_131 .net v0x1d3bcf0 131, 7 0, C4<zzzzzzzz>; 0 drivers
v0x1d3bcf0_132 .net v0x1d3bcf0 132, 7 0, C4<zzzzzzzz>; 0 drivers
v0x1d3bcf0_133 .net v0x1d3bcf0 133, 7 0, C4<zzzzzzzz>; 0 drivers
v0x1d3bcf0_134 .net v0x1d3bcf0 134, 7 0, C4<zzzzzzzz>; 0 drivers
v0x1d3bcf0_135 .net v0x1d3bcf0 135, 7 0, C4<zzzzzzzz>; 0 drivers
v0x1d3bcf0_136 .net v0x1d3bcf0 136, 7 0, C4<zzzzzzzz>; 0 drivers
v0x1d3bcf0_137 .net v0x1d3bcf0 137, 7 0, C4<zzzzzzzz>; 0 drivers
v0x1d3bcf0_138 .net v0x1d3bcf0 138, 7 0, C4<zzzzzzzz>; 0 drivers
v0x1d3bcf0_139 .net v0x1d3bcf0 139, 7 0, C4<zzzzzzzz>; 0 drivers
v0x1d3bcf0_140 .net v0x1d3bcf0 140, 7 0, C4<zzzzzzzz>; 0 drivers
v0x1d3bcf0_141 .net v0x1d3bcf0 141, 7 0, C4<zzzzzzzz>; 0 drivers
v0x1d3bcf0_142 .net v0x1d3bcf0 142, 7 0, C4<zzzzzzzz>; 0 drivers
v0x1d3bcf0_143 .net v0x1d3bcf0 143, 7 0, C4<zzzzzzzz>; 0 drivers
v0x1d3bcf0_144 .net v0x1d3bcf0 144, 7 0, C4<zzzzzzzz>; 0 drivers
v0x1d3bcf0_145 .net v0x1d3bcf0 145, 7 0, C4<zzzzzzzz>; 0 drivers
v0x1d3bcf0_146 .net v0x1d3bcf0 146, 7 0, C4<zzzzzzzz>; 0 drivers
v0x1d3bcf0_147 .net v0x1d3bcf0 147, 7 0, C4<zzzzzzzz>; 0 drivers
v0x1d3bcf0_148 .net v0x1d3bcf0 148, 7 0, C4<zzzzzzzz>; 0 drivers
v0x1d3bcf0_149 .net v0x1d3bcf0 149, 7 0, C4<zzzzzzzz>; 0 drivers
v0x1d3bcf0_150 .net v0x1d3bcf0 150, 7 0, C4<zzzzzzzz>; 0 drivers
v0x1d3bcf0_151 .net v0x1d3bcf0 151, 7 0, C4<zzzzzzzz>; 0 drivers
v0x1d3bcf0_152 .net v0x1d3bcf0 152, 7 0, C4<zzzzzzzz>; 0 drivers
v0x1d3bcf0_153 .net v0x1d3bcf0 153, 7 0, C4<zzzzzzzz>; 0 drivers
v0x1d3bcf0_154 .net v0x1d3bcf0 154, 7 0, C4<zzzzzzzz>; 0 drivers
v0x1d3bcf0_155 .net v0x1d3bcf0 155, 7 0, C4<zzzzzzzz>; 0 drivers
v0x1d3bcf0_156 .net v0x1d3bcf0 156, 7 0, C4<zzzzzzzz>; 0 drivers
v0x1d3bcf0_157 .net v0x1d3bcf0 157, 7 0, C4<zzzzzzzz>; 0 drivers
v0x1d3bcf0_158 .net v0x1d3bcf0 158, 7 0, C4<zzzzzzzz>; 0 drivers
v0x1d3bcf0_159 .net v0x1d3bcf0 159, 7 0, C4<zzzzzzzz>; 0 drivers
v0x1d3bcf0_160 .net v0x1d3bcf0 160, 7 0, C4<zzzzzzzz>; 0 drivers
v0x1d3bcf0_161 .net v0x1d3bcf0 161, 7 0, C4<zzzzzzzz>; 0 drivers
v0x1d3bcf0_162 .net v0x1d3bcf0 162, 7 0, C4<zzzzzzzz>; 0 drivers
v0x1d3bcf0_163 .net v0x1d3bcf0 163, 7 0, C4<zzzzzzzz>; 0 drivers
v0x1d3bcf0_164 .net v0x1d3bcf0 164, 7 0, C4<zzzzzzzz>; 0 drivers
v0x1d3bcf0_165 .net v0x1d3bcf0 165, 7 0, C4<zzzzzzzz>; 0 drivers
v0x1d3bcf0_166 .net v0x1d3bcf0 166, 7 0, C4<zzzzzzzz>; 0 drivers
v0x1d3bcf0_167 .net v0x1d3bcf0 167, 7 0, C4<zzzzzzzz>; 0 drivers
v0x1d3bcf0_168 .net v0x1d3bcf0 168, 7 0, C4<zzzzzzzz>; 0 drivers
v0x1d3bcf0_169 .net v0x1d3bcf0 169, 7 0, C4<zzzzzzzz>; 0 drivers
v0x1d3bcf0_170 .net v0x1d3bcf0 170, 7 0, C4<zzzzzzzz>; 0 drivers
v0x1d3bcf0_171 .net v0x1d3bcf0 171, 7 0, C4<zzzzzzzz>; 0 drivers
v0x1d3bcf0_172 .net v0x1d3bcf0 172, 7 0, C4<zzzzzzzz>; 0 drivers
v0x1d3bcf0_173 .net v0x1d3bcf0 173, 7 0, C4<zzzzzzzz>; 0 drivers
v0x1d3bcf0_174 .net v0x1d3bcf0 174, 7 0, C4<zzzzzzzz>; 0 drivers
v0x1d3bcf0_175 .net v0x1d3bcf0 175, 7 0, C4<zzzzzzzz>; 0 drivers
v0x1d3bcf0_176 .net v0x1d3bcf0 176, 7 0, C4<zzzzzzzz>; 0 drivers
v0x1d3bcf0_177 .net v0x1d3bcf0 177, 7 0, C4<zzzzzzzz>; 0 drivers
v0x1d3bcf0_178 .net v0x1d3bcf0 178, 7 0, C4<zzzzzzzz>; 0 drivers
v0x1d3bcf0_179 .net v0x1d3bcf0 179, 7 0, C4<zzzzzzzz>; 0 drivers
v0x1d3bcf0_180 .net v0x1d3bcf0 180, 7 0, C4<zzzzzzzz>; 0 drivers
v0x1d3bcf0_181 .net v0x1d3bcf0 181, 7 0, C4<zzzzzzzz>; 0 drivers
v0x1d3bcf0_182 .net v0x1d3bcf0 182, 7 0, C4<zzzzzzzz>; 0 drivers
v0x1d3bcf0_183 .net v0x1d3bcf0 183, 7 0, C4<zzzzzzzz>; 0 drivers
v0x1d3bcf0_184 .net v0x1d3bcf0 184, 7 0, C4<zzzzzzzz>; 0 drivers
v0x1d3bcf0_185 .net v0x1d3bcf0 185, 7 0, C4<zzzzzzzz>; 0 drivers
v0x1d3bcf0_186 .net v0x1d3bcf0 186, 7 0, C4<zzzzzzzz>; 0 drivers
v0x1d3bcf0_187 .net v0x1d3bcf0 187, 7 0, C4<zzzzzzzz>; 0 drivers
v0x1d3bcf0_188 .net v0x1d3bcf0 188, 7 0, C4<zzzzzzzz>; 0 drivers
v0x1d3bcf0_189 .net v0x1d3bcf0 189, 7 0, C4<zzzzzzzz>; 0 drivers
v0x1d3bcf0_190 .net v0x1d3bcf0 190, 7 0, C4<zzzzzzzz>; 0 drivers
v0x1d3bcf0_191 .net v0x1d3bcf0 191, 7 0, C4<zzzzzzzz>; 0 drivers
v0x1d3bcf0_192 .net v0x1d3bcf0 192, 7 0, C4<zzzzzzzz>; 0 drivers
v0x1d3bcf0_193 .net v0x1d3bcf0 193, 7 0, C4<zzzzzzzz>; 0 drivers
v0x1d3bcf0_194 .net v0x1d3bcf0 194, 7 0, C4<zzzzzzzz>; 0 drivers
v0x1d3bcf0_195 .net v0x1d3bcf0 195, 7 0, C4<zzzzzzzz>; 0 drivers
v0x1d3bcf0_196 .net v0x1d3bcf0 196, 7 0, C4<zzzzzzzz>; 0 drivers
v0x1d3bcf0_197 .net v0x1d3bcf0 197, 7 0, C4<zzzzzzzz>; 0 drivers
v0x1d3bcf0_198 .net v0x1d3bcf0 198, 7 0, C4<zzzzzzzz>; 0 drivers
v0x1d3bcf0_199 .net v0x1d3bcf0 199, 7 0, C4<zzzzzzzz>; 0 drivers
v0x1d3bcf0_200 .net v0x1d3bcf0 200, 7 0, C4<zzzzzzzz>; 0 drivers
v0x1d3bcf0_201 .net v0x1d3bcf0 201, 7 0, C4<zzzzzzzz>; 0 drivers
v0x1d3bcf0_202 .net v0x1d3bcf0 202, 7 0, C4<zzzzzzzz>; 0 drivers
v0x1d3bcf0_203 .net v0x1d3bcf0 203, 7 0, C4<zzzzzzzz>; 0 drivers
v0x1d3bcf0_204 .net v0x1d3bcf0 204, 7 0, C4<zzzzzzzz>; 0 drivers
v0x1d3bcf0_205 .net v0x1d3bcf0 205, 7 0, C4<zzzzzzzz>; 0 drivers
v0x1d3bcf0_206 .net v0x1d3bcf0 206, 7 0, C4<zzzzzzzz>; 0 drivers
v0x1d3bcf0_207 .net v0x1d3bcf0 207, 7 0, C4<zzzzzzzz>; 0 drivers
v0x1d3bcf0_208 .net v0x1d3bcf0 208, 7 0, C4<zzzzzzzz>; 0 drivers
v0x1d3bcf0_209 .net v0x1d3bcf0 209, 7 0, C4<zzzzzzzz>; 0 drivers
v0x1d3bcf0_210 .net v0x1d3bcf0 210, 7 0, C4<zzzzzzzz>; 0 drivers
v0x1d3bcf0_211 .net v0x1d3bcf0 211, 7 0, C4<zzzzzzzz>; 0 drivers
v0x1d3bcf0_212 .net v0x1d3bcf0 212, 7 0, C4<zzzzzzzz>; 0 drivers
v0x1d3bcf0_213 .net v0x1d3bcf0 213, 7 0, C4<zzzzzzzz>; 0 drivers
v0x1d3bcf0_214 .net v0x1d3bcf0 214, 7 0, C4<zzzzzzzz>; 0 drivers
v0x1d3bcf0_215 .net v0x1d3bcf0 215, 7 0, C4<zzzzzzzz>; 0 drivers
v0x1d3bcf0_216 .net v0x1d3bcf0 216, 7 0, C4<zzzzzzzz>; 0 drivers
v0x1d3bcf0_217 .net v0x1d3bcf0 217, 7 0, C4<zzzzzzzz>; 0 drivers
v0x1d3bcf0_218 .net v0x1d3bcf0 218, 7 0, C4<zzzzzzzz>; 0 drivers
v0x1d3bcf0_219 .net v0x1d3bcf0 219, 7 0, C4<zzzzzzzz>; 0 drivers
v0x1d3bcf0_220 .net v0x1d3bcf0 220, 7 0, C4<zzzzzzzz>; 0 drivers
v0x1d3bcf0_221 .net v0x1d3bcf0 221, 7 0, C4<zzzzzzzz>; 0 drivers
v0x1d3bcf0_222 .net v0x1d3bcf0 222, 7 0, C4<zzzzzzzz>; 0 drivers
v0x1d3bcf0_223 .net v0x1d3bcf0 223, 7 0, C4<zzzzzzzz>; 0 drivers
v0x1d3bcf0_224 .net v0x1d3bcf0 224, 7 0, C4<zzzzzzzz>; 0 drivers
v0x1d3bcf0_225 .net v0x1d3bcf0 225, 7 0, C4<zzzzzzzz>; 0 drivers
v0x1d3bcf0_226 .net v0x1d3bcf0 226, 7 0, C4<zzzzzzzz>; 0 drivers
v0x1d3bcf0_227 .net v0x1d3bcf0 227, 7 0, C4<zzzzzzzz>; 0 drivers
v0x1d3bcf0_228 .net v0x1d3bcf0 228, 7 0, C4<zzzzzzzz>; 0 drivers
v0x1d3bcf0_229 .net v0x1d3bcf0 229, 7 0, C4<zzzzzzzz>; 0 drivers
v0x1d3bcf0_230 .net v0x1d3bcf0 230, 7 0, C4<zzzzzzzz>; 0 drivers
v0x1d3bcf0_231 .net v0x1d3bcf0 231, 7 0, C4<zzzzzzzz>; 0 drivers
v0x1d3bcf0_232 .net v0x1d3bcf0 232, 7 0, C4<zzzzzzzz>; 0 drivers
v0x1d3bcf0_233 .net v0x1d3bcf0 233, 7 0, C4<zzzzzzzz>; 0 drivers
v0x1d3bcf0_234 .net v0x1d3bcf0 234, 7 0, C4<zzzzzzzz>; 0 drivers
v0x1d3bcf0_235 .net v0x1d3bcf0 235, 7 0, C4<zzzzzzzz>; 0 drivers
v0x1d3bcf0_236 .net v0x1d3bcf0 236, 7 0, C4<zzzzzzzz>; 0 drivers
v0x1d3bcf0_237 .net v0x1d3bcf0 237, 7 0, C4<zzzzzzzz>; 0 drivers
v0x1d3bcf0_238 .net v0x1d3bcf0 238, 7 0, C4<zzzzzzzz>; 0 drivers
v0x1d3bcf0_239 .net v0x1d3bcf0 239, 7 0, C4<zzzzzzzz>; 0 drivers
v0x1d3bcf0_240 .net v0x1d3bcf0 240, 7 0, C4<zzzzzzzz>; 0 drivers
v0x1d3bcf0_241 .net v0x1d3bcf0 241, 7 0, C4<zzzzzzzz>; 0 drivers
v0x1d3bcf0_242 .net v0x1d3bcf0 242, 7 0, C4<zzzzzzzz>; 0 drivers
v0x1d3bcf0_243 .net v0x1d3bcf0 243, 7 0, C4<zzzzzzzz>; 0 drivers
v0x1d3bcf0_244 .net v0x1d3bcf0 244, 7 0, C4<zzzzzzzz>; 0 drivers
v0x1d3bcf0_245 .net v0x1d3bcf0 245, 7 0, C4<zzzzzzzz>; 0 drivers
v0x1d3bcf0_246 .net v0x1d3bcf0 246, 7 0, C4<zzzzzzzz>; 0 drivers
v0x1d3bcf0_247 .net v0x1d3bcf0 247, 7 0, C4<zzzzzzzz>; 0 drivers
v0x1d3bcf0_248 .net v0x1d3bcf0 248, 7 0, C4<zzzzzzzz>; 0 drivers
v0x1d3bcf0_249 .net v0x1d3bcf0 249, 7 0, C4<zzzzzzzz>; 0 drivers
v0x1d3bcf0_250 .net v0x1d3bcf0 250, 7 0, C4<zzzzzzzz>; 0 drivers
v0x1d3bcf0_251 .net v0x1d3bcf0 251, 7 0, C4<zzzzzzzz>; 0 drivers
v0x1d3bcf0_252 .net v0x1d3bcf0 252, 7 0, C4<zzzzzzzz>; 0 drivers
v0x1d3bcf0_253 .net v0x1d3bcf0 253, 7 0, C4<zzzzzzzz>; 0 drivers
v0x1d3bcf0_254 .net v0x1d3bcf0 254, 7 0, C4<zzzzzzzz>; 0 drivers
v0x1d3bcf0_255 .net v0x1d3bcf0 255, 7 0, C4<zzzzzzzz>; 0 drivers
L_0x1d3e570 .part C4<zzzzzzzzzzzzzzzzzzzzzzzzzzzzzzzzzzzzzzzzzzzzzzzzzzzzzzzzzzzzzzzzzzzzzzzzzzzzzzzzzzzzzzzzzzzzzzzzzzzzzzzzzzzzzzzzzzzzzzzzzzzzzzzz>, 0, 8;
L_0x1d3e670 .part C4<zzzzzzzzzzzzzzzzzzzzzzzzzzzzzzzzzzzzzzzzzzzzzzzzzzzzzzzzzzzzzzzzzzzzzzzzzzzzzzzzzzzzzzzzzzzzzzzzzzzzzzzzzzzzzzzzzzzzzzzzzzzzzzzz>, 8, 8;
L_0x1d3e9a0 .part C4<zzzzzzzzzzzzzzzzzzzzzzzzzzzzzzzzzzzzzzzzzzzzzzzzzzzzzzzzzzzzzzzzzzzzzzzzzzzzzzzzzzzzzzzzzzzzzzzzzzzzzzzzzzzzzzzzzzzzzzzzzzzzzzzz>, 8, 8;
L_0x1d3ea40 .part C4<zzzzzzzzzzzzzzzzzzzzzzzzzzzzzzzzzzzzzzzzzzzzzzzzzzzzzzzzzzzzzzzzzzzzzzzzzzzzzzzzzzzzzzzzzzzzzzzzzzzzzzzzzzzzzzzzzzzzzzzzzzzzzzzz>, 16, 8;
L_0x1d3ecc0 .part C4<zzzzzzzzzzzzzzzzzzzzzzzzzzzzzzzzzzzzzzzzzzzzzzzzzzzzzzzzzzzzzzzzzzzzzzzzzzzzzzzzzzzzzzzzzzzzzzzzzzzzzzzzzzzzzzzzzzzzzzzzzzzzzzzz>, 16, 8;
L_0x1d3ed60 .part C4<zzzzzzzzzzzzzzzzzzzzzzzzzzzzzzzzzzzzzzzzzzzzzzzzzzzzzzzzzzzzzzzzzzzzzzzzzzzzzzzzzzzzzzzzzzzzzzzzzzzzzzzzzzzzzzzzzzzzzzzzzzzzzzzz>, 24, 8;
L_0x1d3ef80 .part C4<zzzzzzzzzzzzzzzzzzzzzzzzzzzzzzzzzzzzzzzzzzzzzzzzzzzzzzzzzzzzzzzzzzzzzzzzzzzzzzzzzzzzzzzzzzzzzzzzzzzzzzzzzzzzzzzzzzzzzzzzzzzzzzzz>, 24, 8;
L_0x1d3f020 .part C4<zzzzzzzzzzzzzzzzzzzzzzzzzzzzzzzzzzzzzzzzzzzzzzzzzzzzzzzzzzzzzzzzzzzzzzzzzzzzzzzzzzzzzzzzzzzzzzzzzzzzzzzzzzzzzzzzzzzzzzzzzzzzzzzz>, 32, 8;
L_0x1d3f310 .part C4<zzzzzzzzzzzzzzzzzzzzzzzzzzzzzzzzzzzzzzzzzzzzzzzzzzzzzzzzzzzzzzzzzzzzzzzzzzzzzzzzzzzzzzzzzzzzzzzzzzzzzzzzzzzzzzzzzzzzzzzzzzzzzzzz>, 32, 8;
L_0x1d3f3b0 .part C4<zzzzzzzzzzzzzzzzzzzzzzzzzzzzzzzzzzzzzzzzzzzzzzzzzzzzzzzzzzzzzzzzzzzzzzzzzzzzzzzzzzzzzzzzzzzzzzzzzzzzzzzzzzzzzzzzzzzzzzzzzzzzzzzz>, 40, 8;
L_0x1d3f600 .part C4<zzzzzzzzzzzzzzzzzzzzzzzzzzzzzzzzzzzzzzzzzzzzzzzzzzzzzzzzzzzzzzzzzzzzzzzzzzzzzzzzzzzzzzzzzzzzzzzzzzzzzzzzzzzzzzzzzzzzzzzzzzzzzzzz>, 40, 8;
L_0x1d3f6a0 .part C4<zzzzzzzzzzzzzzzzzzzzzzzzzzzzzzzzzzzzzzzzzzzzzzzzzzzzzzzzzzzzzzzzzzzzzzzzzzzzzzzzzzzzzzzzzzzzzzzzzzzzzzzzzzzzzzzzzzzzzzzzzzzzzzzz>, 48, 8;
L_0x1d3f920 .part C4<zzzzzzzzzzzzzzzzzzzzzzzzzzzzzzzzzzzzzzzzzzzzzzzzzzzzzzzzzzzzzzzzzzzzzzzzzzzzzzzzzzzzzzzzzzzzzzzzzzzzzzzzzzzzzzzzzzzzzzzzzzzzzzzz>, 48, 8;
L_0x1d3f9c0 .part C4<zzzzzzzzzzzzzzzzzzzzzzzzzzzzzzzzzzzzzzzzzzzzzzzzzzzzzzzzzzzzzzzzzzzzzzzzzzzzzzzzzzzzzzzzzzzzzzzzzzzzzzzzzzzzzzzzzzzzzzzzzzzzzzzz>, 56, 8;
L_0x1d3fc50 .part C4<zzzzzzzzzzzzzzzzzzzzzzzzzzzzzzzzzzzzzzzzzzzzzzzzzzzzzzzzzzzzzzzzzzzzzzzzzzzzzzzzzzzzzzzzzzzzzzzzzzzzzzzzzzzzzzzzzzzzzzzzzzzzzzzz>, 56, 8;
L_0x1d3fcf0 .part C4<zzzzzzzzzzzzzzzzzzzzzzzzzzzzzzzzzzzzzzzzzzzzzzzzzzzzzzzzzzzzzzzzzzzzzzzzzzzzzzzzzzzzzzzzzzzzzzzzzzzzzzzzzzzzzzzzzzzzzzzzzzzzzzzz>, 64, 8;
L_0x1d40230 .concat [ 8 24 0 0], L_0x1d40130, C4<000000000000000000000000>;
L_0x1d403a0 .concat [ 8 24 0 0], L_0x1d40090, C4<000000000000000000000000>;
L_0x1d40530 .arith/sum 32, L_0x1d40230, L_0x1d403a0;
S_0x1d3b530 .scope generate, "sum_loop[1]" "sum_loop[1]" 2 19, 2 19, S_0x1d163a0;
 .timescale 0 0;
P_0x1d3b628 .param/l "k" 2 19, +C4<01>;
v0x1d3b6e0_0 .net *"_s1", 7 0, L_0x1d3e570; 1 drivers
v0x1d3b780_0 .net *"_s2", 7 0, L_0x1d3e670; 1 drivers
L_0x1d3e790 .arith/sum 8, L_0x1d3e570, L_0x1d3e670;
S_0x1d3b240 .scope generate, "sum_loop[2]" "sum_loop[2]" 2 19, 2 19, S_0x1d163a0;
 .timescale 0 0;
P_0x1d3b338 .param/l "k" 2 19, +C4<010>;
v0x1d3b3f0_0 .net *"_s1", 7 0, L_0x1d3e9a0; 1 drivers
v0x1d3b490_0 .net *"_s2", 7 0, L_0x1d3ea40; 1 drivers
L_0x1d3eb70 .arith/sum 8, L_0x1d3e9a0, L_0x1d3ea40;
S_0x1d3af50 .scope generate, "sum_loop[3]" "sum_loop[3]" 2 19, 2 19, S_0x1d163a0;
 .timescale 0 0;
P_0x1d3b048 .param/l "k" 2 19, +C4<011>;
v0x1d3b100_0 .net *"_s1", 7 0, L_0x1d3ecc0; 1 drivers
v0x1d3b1a0_0 .net *"_s2", 7 0, L_0x1d3ed60; 1 drivers
L_0x1d3ee40 .arith/sum 8, L_0x1d3ecc0, L_0x1d3ed60;
S_0x1d3ac60 .scope generate, "sum_loop[4]" "sum_loop[4]" 2 19, 2 19, S_0x1d163a0;
 .timescale 0 0;
P_0x1d3ad58 .param/l "k" 2 19, +C4<0100>;
v0x1d3ae10_0 .net *"_s1", 7 0, L_0x1d3ef80; 1 drivers
v0x1d3aeb0_0 .net *"_s2", 7 0, L_0x1d3f020; 1 drivers
L_0x1d3f1d0 .arith/sum 8, L_0x1d3ef80, L_0x1d3f020;
S_0x1d3a970 .scope generate, "sum_loop[5]" "sum_loop[5]" 2 19, 2 19, S_0x1d163a0;
 .timescale 0 0;
P_0x1d3aa68 .param/l "k" 2 19, +C4<0101>;
v0x1d3ab20_0 .net *"_s1", 7 0, L_0x1d3f310; 1 drivers
v0x1d3abc0_0 .net *"_s2", 7 0, L_0x1d3f3b0; 1 drivers
L_0x1d3f4b0 .arith/sum 8, L_0x1d3f310, L_0x1d3f3b0;
S_0x1d3a680 .scope generate, "sum_loop[6]" "sum_loop[6]" 2 19, 2 19, S_0x1d163a0;
 .timescale 0 0;
P_0x1d3a778 .param/l "k" 2 19, +C4<0110>;
v0x1d3a830_0 .net *"_s1", 7 0, L_0x1d3f600; 1 drivers
v0x1d3a8d0_0 .net *"_s2", 7 0, L_0x1d3f6a0; 1 drivers
L_0x1d3f740 .arith/sum 8, L_0x1d3f600, L_0x1d3f6a0;
S_0x1d3a390 .scope generate, "sum_loop[7]" "sum_loop[7]" 2 19, 2 19, S_0x1d163a0;
 .timescale 0 0;
P_0x1d3a488 .param/l "k" 2 19, +C4<0111>;
v0x1d3a540_0 .net *"_s1", 7 0, L_0x1d3f920; 1 drivers
v0x1d3a5e0_0 .net *"_s2", 7 0, L_0x1d3f9c0; 1 drivers
L_0x1d3fae0 .arith/sum 8, L_0x1d3f920, L_0x1d3f9c0;
S_0x1d15130 .scope generate, "sum_loop[8]" "sum_loop[8]" 2 19, 2 19, S_0x1d163a0;
 .timescale 0 0;
P_0x1d13a08 .param/l "k" 2 19, +C4<01000>;
v0x1d153e0_0 .net *"_s1", 7 0, L_0x1d3fc50; 1 drivers
v0x1d3a2f0_0 .net *"_s2", 7 0, L_0x1d3fcf0; 1 drivers
L_0x1d3ffa0 .arith/sum 8, L_0x1d3fc50, L_0x1d3fcf0;
S_0x1d15d30 .scope generate, "genblk2" "genblk2" 2 26, 2 26, S_0x1d163a0;
 .timescale 0 0;
P_0x1d164c8 .param/l "j" 2 26, +C4<010>;
S_0x1d15040 .scope generate, "genblk3" "genblk3" 2 27, 2 27, S_0x1d15d30;
 .timescale 0 0;
P_0x1d126c8 .param/l "k" 2 27, +C4<01>;
L_0x1d40090 .arith/sum 8, C4<zzzzzzzz>, C4<zzzzzzzz>;
S_0x1d15750 .scope generate, "genblk03" "genblk03" 2 27, 2 27, S_0x1d15d30;
 .timescale 0 0;
P_0x1d111e8 .param/l "k" 2 27, +C4<010>;
L_0x1d40130 .arith/sum 8, C4<zzzzzzzz>, C4<zzzzzzzz>;
# The file index is used to find the file name in the following table.
:file_names 3;
    "N/A";
    "<interactive>";
    "balanced_tree_adder.v";
