#! /usr/bin/vvp
:ivl_version "0.9.7 " "(v0_9_7)";
:vpi_time_precision + 0;
:vpi_module "system";
:vpi_module "v2005_math";
:vpi_module "va_math";
S_0x2012b50 .scope module, "sequence_input_compare" "sequence_input_compare" 2 1;
 .timescale 0 0;
P_0x2014ac8 .param/l "DW" 2 3, +C4<01000>;
L_0x203d5f0 .functor BUFZ 8, v0x203c040_0, C4<00000000>, C4<00000000>, C4<00000000>;
v0x203cfe0_0 .net "clk", 0 0, C4<z>; 0 drivers
v0x203d0f0_0 .var "count", 1 0;
v0x203d170_0 .net "inp", 7 0, C4<zzzzzzzz>; 0 drivers
v0x203d220_0 .var "input_change", 7 0;
v0x203d2d0 .array "mins", 4 1;
v0x203d2d0_0 .net v0x203d2d0 0, 7 0, v0x203ceb0_0; 1 drivers
v0x203d2d0_1 .net v0x203d2d0 1, 7 0, v0x203ca00_0; 1 drivers
v0x203d2d0_2 .net v0x203d2d0 2, 7 0, v0x203c510_0; 1 drivers
v0x203d2d0_3 .net v0x203d2d0 3, 7 0, v0x203c040_0; 1 drivers
v0x203d420_0 .net "outp", 7 0, L_0x203d5f0; 1 drivers
v0x203d4e0_0 .var "subout", 0 0;
S_0x203cb80 .scope module, "cmp1" "comparator" 2 32, 3 1, S_0x2012b50;
 .timescale 0 0;
P_0x203cc78 .param/l "DW" 3 3, +C4<01000>;
v0x203ccf0_0 .alias "clk", 0 0, v0x203cfe0_0;
v0x203cd70_0 .alias "inp", 7 0, v0x203d170_0;
v0x203ce10_0 .var "max", 7 0;
v0x203ceb0_0 .var "out_min", 7 0;
v0x203cf60_0 .net "substract", 0 0, v0x203d4e0_0; 1 drivers
S_0x203c6a0 .scope module, "cmp2" "comparator" 2 37, 3 1, S_0x2012b50;
 .timescale 0 0;
P_0x203c798 .param/l "DW" 3 3, +C4<01000>;
v0x203c810_0 .alias "clk", 0 0, v0x203cfe0_0;
v0x203c8e0_0 .alias "inp", 7 0, v0x203d2d0_0;
v0x203c960_0 .var "max", 7 0;
v0x203ca00_0 .var "out_min", 7 0;
v0x203cab0_0 .alias "substract", 0 0, v0x203cf60_0;
S_0x203c190 .scope module, "cmp3" "comparator" 2 42, 3 1, S_0x2012b50;
 .timescale 0 0;
P_0x203c288 .param/l "DW" 3 3, +C4<01000>;
v0x203c340_0 .alias "clk", 0 0, v0x203cfe0_0;
v0x203c3f0_0 .alias "inp", 7 0, v0x203d2d0_1;
v0x203c470_0 .var "max", 7 0;
v0x203c510_0 .var "out_min", 7 0;
v0x203c5f0_0 .alias "substract", 0 0, v0x203cf60_0;
S_0x2013bb0 .scope module, "cmp4" "comparator" 2 47, 3 1, S_0x2012b50;
 .timescale 0 0;
P_0x2022408 .param/l "DW" 3 3, +C4<01000>;
v0x20162f0_0 .alias "clk", 0 0, v0x203cfe0_0;
v0x203bf00_0 .alias "inp", 7 0, v0x203d2d0_2;
v0x203bfa0_0 .var "max", 7 0;
v0x203c040_0 .var "out_min", 7 0;
v0x203c0f0_0 .alias "substract", 0 0, v0x203cf60_0;
E_0x2001990 .event posedge, v0x20162f0_0;
    .scope S_0x203cb80;
T_0 ;
    %set/v v0x203ce10_0, 0, 8;
    %end;
    .thread T_0;
    .scope S_0x203cb80;
T_1 ;
    %wait E_0x2001990;
    %load/v 8, v0x203cd70_0, 8;
    %load/v 16, v0x203ce10_0, 8;
    %cmp/u 8, 16, 8;
    %jmp/0xz  T_1.0, 5;
    %load/v 8, v0x203cd70_0, 8;
    %ix/load 0, 8, 0;
    %assign/v0 v0x203ceb0_0, 0, 8;
    %jmp T_1.1;
T_1.0 ;
    %load/v 8, v0x203ce10_0, 8;
    %ix/load 0, 8, 0;
    %assign/v0 v0x203ceb0_0, 0, 8;
    %load/v 8, v0x203cd70_0, 8;
    %ix/load 0, 8, 0;
    %assign/v0 v0x203ce10_0, 0, 8;
T_1.1 ;
    %load/v 8, v0x203cf60_0, 1;
    %jmp/0xz  T_1.2, 8;
    %load/v 8, v0x203ce10_0, 8;
    %mov 16, 0, 24;
    %subi 8, 2, 32;
    %movi 40, 7, 32;
    %xor 8, 40, 32;
    %ix/load 0, 8, 0;
    %assign/v0 v0x203ce10_0, 0, 8;
T_1.2 ;
    %jmp T_1;
    .thread T_1;
    .scope S_0x203c6a0;
T_2 ;
    %set/v v0x203c960_0, 0, 8;
    %end;
    .thread T_2;
    .scope S_0x203c6a0;
T_3 ;
    %wait E_0x2001990;
    %load/v 8, v0x203c8e0_0, 8;
    %load/v 16, v0x203c960_0, 8;
    %cmp/u 8, 16, 8;
    %jmp/0xz  T_3.0, 5;
    %load/v 8, v0x203c8e0_0, 8;
    %ix/load 0, 8, 0;
    %assign/v0 v0x203ca00_0, 0, 8;
    %jmp T_3.1;
T_3.0 ;
    %load/v 8, v0x203c960_0, 8;
    %ix/load 0, 8, 0;
    %assign/v0 v0x203ca00_0, 0, 8;
    %load/v 8, v0x203c8e0_0, 8;
    %ix/load 0, 8, 0;
    %assign/v0 v0x203c960_0, 0, 8;
T_3.1 ;
    %load/v 8, v0x203cab0_0, 1;
    %jmp/0xz  T_3.2, 8;
    %load/v 8, v0x203c960_0, 8;
    %mov 16, 0, 24;
    %subi 8, 2, 32;
    %movi 40, 7, 32;
    %xor 8, 40, 32;
    %ix/load 0, 8, 0;
    %assign/v0 v0x203c960_0, 0, 8;
T_3.2 ;
    %jmp T_3;
    .thread T_3;
    .scope S_0x203c190;
T_4 ;
    %set/v v0x203c470_0, 0, 8;
    %end;
    .thread T_4;
    .scope S_0x203c190;
T_5 ;
    %wait E_0x2001990;
    %load/v 8, v0x203c3f0_0, 8;
    %load/v 16, v0x203c470_0, 8;
    %cmp/u 8, 16, 8;
    %jmp/0xz  T_5.0, 5;
    %load/v 8, v0x203c3f0_0, 8;
    %ix/load 0, 8, 0;
    %assign/v0 v0x203c510_0, 0, 8;
    %jmp T_5.1;
T_5.0 ;
    %load/v 8, v0x203c470_0, 8;
    %ix/load 0, 8, 0;
    %assign/v0 v0x203c510_0, 0, 8;
    %load/v 8, v0x203c3f0_0, 8;
    %ix/load 0, 8, 0;
    %assign/v0 v0x203c470_0, 0, 8;
T_5.1 ;
    %load/v 8, v0x203c5f0_0, 1;
    %jmp/0xz  T_5.2, 8;
    %load/v 8, v0x203c470_0, 8;
    %mov 16, 0, 24;
    %subi 8, 2, 32;
    %movi 40, 7, 32;
    %xor 8, 40, 32;
    %ix/load 0, 8, 0;
    %assign/v0 v0x203c470_0, 0, 8;
T_5.2 ;
    %jmp T_5;
    .thread T_5;
    .scope S_0x2013bb0;
T_6 ;
    %set/v v0x203bfa0_0, 0, 8;
    %end;
    .thread T_6;
    .scope S_0x2013bb0;
T_7 ;
    %wait E_0x2001990;
    %load/v 8, v0x203bf00_0, 8;
    %load/v 16, v0x203bfa0_0, 8;
    %cmp/u 8, 16, 8;
    %jmp/0xz  T_7.0, 5;
    %load/v 8, v0x203bf00_0, 8;
    %ix/load 0, 8, 0;
    %assign/v0 v0x203c040_0, 0, 8;
    %jmp T_7.1;
T_7.0 ;
    %load/v 8, v0x203bfa0_0, 8;
    %ix/load 0, 8, 0;
    %assign/v0 v0x203c040_0, 0, 8;
    %load/v 8, v0x203bf00_0, 8;
    %ix/load 0, 8, 0;
    %assign/v0 v0x203bfa0_0, 0, 8;
T_7.1 ;
    %load/v 8, v0x203c0f0_0, 1;
    %jmp/0xz  T_7.2, 8;
    %load/v 8, v0x203bfa0_0, 8;
    %mov 16, 0, 24;
    %subi 8, 2, 32;
    %movi 40, 7, 32;
    %xor 8, 40, 32;
    %ix/load 0, 8, 0;
    %assign/v0 v0x203bfa0_0, 0, 8;
T_7.2 ;
    %jmp T_7;
    .thread T_7;
    .scope S_0x2012b50;
T_8 ;
    %set/v v0x203d0f0_0, 0, 2;
    %end;
    .thread T_8;
    .scope S_0x2012b50;
T_9 ;
    %set/v v0x203d4e0_0, 0, 1;
    %end;
    .thread T_9;
    .scope S_0x2012b50;
T_10 ;
    %wait E_0x2001990;
    %load/v 8, v0x203d220_0, 8;
    %mov 16, 0, 24;
    %addi 8, 2, 32;
    %movi 40, 7, 32;
    %xor 8, 40, 32;
    %ix/load 0, 8, 0;
    %assign/v0 v0x203d220_0, 0, 8;
    %load/v 8, v0x203d0f0_0, 2;
    %cmpi/u 8, 3, 2;
    %jmp/0xz  T_10.0, 4;
    %ix/load 0, 2, 0;
    %assign/v0 v0x203d0f0_0, 0, 0;
    %ix/load 0, 1, 0;
    %assign/v0 v0x203d4e0_0, 0, 1;
    %jmp T_10.1;
T_10.0 ;
    %ix/load 0, 1, 0;
    %load/vp0 8, v0x203d0f0_0, 2;
    %ix/load 0, 2, 0;
    %assign/v0 v0x203d0f0_0, 0, 8;
    %ix/load 0, 1, 0;
    %assign/v0 v0x203d4e0_0, 0, 0;
T_10.1 ;
    %jmp T_10;
    .thread T_10;
# The file index is used to find the file name in the following table.
:file_names 4;
    "N/A";
    "<interactive>";
    "sequence_input_compare.v";
    "comparator.v";
