#! /usr/bin/vvp
:ivl_version "0.9.7 " "(v0_9_7)";
:vpi_time_precision + 0;
:vpi_module "system";
:vpi_module "v2005_math";
:vpi_module "va_math";
S_0x1242720 .scope module, "comparator" "comparator" 2 1;
 .timescale 0 0;
P_0x1241348 .param/l "DW" 2 3, +C4<01000>;
v0x1242840_0 .net "inp1", 7 0, C4<zzzzzzzz>; 0 drivers
v0x12743b0_0 .net "inp2", 7 0, C4<zzzzzzzz>; 0 drivers
v0x1274450_0 .var "out_max", 7 0;
v0x12744f0_0 .var "out_min", 7 0;
E_0x1242810 .event edge, v0x12743b0_0, v0x1242840_0;
    .scope S_0x1242720;
T_0 ;
    %wait E_0x1242810;
    %load/v 8, v0x1242840_0, 8;
    %load/v 16, v0x12743b0_0, 8;
    %cmp/u 8, 16, 8;
    %jmp/0xz  T_0.0, 5;
    %load/v 8, v0x1242840_0, 8;
    %set/v v0x12744f0_0, 8, 8;
    %load/v 8, v0x12743b0_0, 8;
    %set/v v0x1274450_0, 8, 8;
    %jmp T_0.1;
T_0.0 ;
    %load/v 8, v0x12743b0_0, 8;
    %set/v v0x12744f0_0, 8, 8;
    %load/v 8, v0x1242840_0, 8;
    %set/v v0x1274450_0, 8, 8;
T_0.1 ;
    %jmp T_0;
    .thread T_0, $push;
# The file index is used to find the file name in the following table.
:file_names 3;
    "N/A";
    "<interactive>";
    "comparator.v";
