#! /usr/bin/vvp
:ivl_version "0.9.7 " "(v0_9_7)";
:vpi_time_precision + 0;
:vpi_module "system";
:vpi_module "v2005_math";
:vpi_module "va_math";
S_0x1b66080 .scope module, "sorter" "sorter" 2 1;
 .timescale 0 0;
P_0x1b65fa8 .param/l "DW" 2 4, +C4<01000>;
P_0x1b65fd0 .param/l "N" 2 3, +C4<0100>;
L_0x1b911c0 .functor BUFZ 8, v0x1b8e9f0_0, C4<00000000>, C4<00000000>, C4<00000000>;
v0x1b90290_0 .net *"_s38", 7 0, L_0x1b911c0; 1 drivers
v0x1b90310_0 .net "inp", 31 0, C4<zzzzzzzzzzzzzzzzzzzzzzzzzzzzzzzz>; 0 drivers
v0x1b90390 .array "maxs", 6 1;
v0x1b90390_0 .net v0x1b90390 0, 7 0, v0x1b90100_0; 1 drivers
v0x1b90390_1 .net v0x1b90390 1, 7 0, v0x1b8fc70_0; 1 drivers
v0x1b90390_2 .net v0x1b90390 2, 7 0, v0x1b8f7d0_0; 1 drivers
v0x1b90390_3 .net v0x1b90390 3, 7 0, v0x1b8f340_0; 1 drivers
v0x1b90390_4 .net v0x1b90390 4, 7 0, v0x1b8eea0_0; 1 drivers
v0x1b90390_5 .net v0x1b90390 5, 7 0, v0x1b8e9f0_0; 1 drivers
v0x1b905e0 .array "mins", 6 1;
v0x1b905e0_0 .net v0x1b905e0 0, 7 0, v0x1b901b0_0; 1 drivers
v0x1b905e0_1 .net v0x1b905e0 1, 7 0, v0x1b8fd20_0; 1 drivers
v0x1b905e0_2 .net v0x1b905e0 2, 7 0, v0x1b8f880_0; 1 drivers
v0x1b905e0_3 .net v0x1b905e0 3, 7 0, v0x1b8f3f0_0; 1 drivers
v0x1b905e0_4 .net v0x1b905e0 4, 7 0, v0x1b8ef50_0; 1 drivers
v0x1b905e0_5 .net v0x1b905e0 5, 7 0, v0x1b8ea90_0; 1 drivers
RS_0x7fa79bea3408 .resolv tri, L_0x1b90810, L_0x1b90960, L_0x1b90b50, L_0x1b91090;
v0x1b90790_0 .net8 "outp", 31 0, RS_0x7fa79bea3408; 4 drivers
L_0x1b90810 .part/pv L_0x1b908b0, 0, 8, 32;
L_0x1b90960 .part/pv L_0x1b90a50, 8, 8, 32;
L_0x1b90b50 .part/pv L_0x1b90bf0, 16, 8, 32;
L_0x1b90cf0 .part C4<zzzzzzzzzzzzzzzzzzzzzzzzzzzzzzzz>, 0, 8;
L_0x1b90d90 .part C4<zzzzzzzzzzzzzzzzzzzzzzzzzzzzzzzz>, 8, 8;
L_0x1b90e80 .part C4<zzzzzzzzzzzzzzzzzzzzzzzzzzzzzzzz>, 16, 8;
L_0x1b90f60 .part C4<zzzzzzzzzzzzzzzzzzzzzzzzzzzzzzzz>, 24, 8;
L_0x1b91090 .part/pv L_0x1b911c0, 24, 8, 32;
S_0x1b8fe00 .scope module, "cmp1" "comparator" 2 16, 3 1, S_0x1b66080;
 .timescale 0 0;
P_0x1b8fef8 .param/l "DW" 3 3, +C4<01000>;
v0x1b8ffa0_0 .net "inp1", 7 0, L_0x1b90cf0; 1 drivers
v0x1b90060_0 .net "inp2", 7 0, L_0x1b90d90; 1 drivers
v0x1b90100_0 .var "out_max", 7 0;
v0x1b901b0_0 .var "out_min", 7 0;
E_0x1b8ff70 .event edge, v0x1b90060_0, v0x1b8ffa0_0;
S_0x1b8f930 .scope module, "cmp2" "comparator" 2 21, 3 1, S_0x1b66080;
 .timescale 0 0;
P_0x1b8fa28 .param/l "DW" 3 3, +C4<01000>;
v0x1b8fb10_0 .net "inp1", 7 0, L_0x1b90e80; 1 drivers
v0x1b8fbd0_0 .alias "inp2", 7 0, v0x1b905e0_0;
v0x1b8fc70_0 .var "out_max", 7 0;
v0x1b8fd20_0 .var "out_min", 7 0;
E_0x1b8fac0 .event edge, v0x1b8fbd0_0, v0x1b8fb10_0;
S_0x1b8f4d0 .scope module, "cmp3" "comparator" 2 26, 3 1, S_0x1b66080;
 .timescale 0 0;
P_0x1b8f5c8 .param/l "DW" 3 3, +C4<01000>;
v0x1b8f670_0 .alias "inp1", 7 0, v0x1b90390_1;
v0x1b8f730_0 .alias "inp2", 7 0, v0x1b90390_0;
v0x1b8f7d0_0 .var "out_max", 7 0;
v0x1b8f880_0 .var "out_min", 7 0;
E_0x1b8f640 .event edge, v0x1b8f730_0, v0x1b8f670_0;
S_0x1b8f000 .scope module, "cmp4" "comparator" 2 31, 3 1, S_0x1b66080;
 .timescale 0 0;
P_0x1b8f0f8 .param/l "DW" 3 3, +C4<01000>;
v0x1b8f1e0_0 .net "inp1", 7 0, L_0x1b90f60; 1 drivers
v0x1b8f2a0_0 .alias "inp2", 7 0, v0x1b905e0_1;
v0x1b8f340_0 .var "out_max", 7 0;
v0x1b8f3f0_0 .var "out_min", 7 0;
E_0x1b8f190 .event edge, v0x1b8f2a0_0, v0x1b8f1e0_0;
S_0x1b8eb40 .scope module, "cmp5" "comparator" 2 37, 3 1, S_0x1b66080;
 .timescale 0 0;
P_0x1b8ec38 .param/l "DW" 3 3, +C4<01000>;
v0x1b8ed40_0 .alias "inp1", 7 0, v0x1b90390_2;
v0x1b8ee00_0 .alias "inp2", 7 0, v0x1b905e0_3;
v0x1b8eea0_0 .var "out_max", 7 0;
v0x1b8ef50_0 .var "out_min", 7 0;
E_0x1b8ecf0 .event edge, v0x1b8ee00_0, v0x1b8ed40_0;
S_0x1b8e690 .scope module, "cmp6" "comparator" 2 42, 3 1, S_0x1b66080;
 .timescale 0 0;
P_0x1b8e788 .param/l "DW" 3 3, +C4<01000>;
v0x1b8e890_0 .alias "inp1", 7 0, v0x1b90390_4;
v0x1b8e950_0 .alias "inp2", 7 0, v0x1b90390_3;
v0x1b8e9f0_0 .var "out_max", 7 0;
v0x1b8ea90_0 .var "out_min", 7 0;
E_0x1b8e840 .event edge, v0x1b8e950_0, v0x1b8e890_0;
S_0x1b8e440 .scope generate, "hello[1]" "hello[1]" 2 52, 2 52, S_0x1b66080;
 .timescale 0 0;
P_0x1b8e538 .param/l "l" 2 52, +C4<01>;
L_0x1b908b0 .functor BUFZ 8, v0x1b8f3f0_0, C4<00000000>, C4<00000000>, C4<00000000>;
v0x1b8e5f0_0 .net *"_s2", 7 0, L_0x1b908b0; 1 drivers
S_0x1b8e1f0 .scope generate, "hello[2]" "hello[2]" 2 52, 2 52, S_0x1b66080;
 .timescale 0 0;
P_0x1b8e2e8 .param/l "l" 2 52, +C4<010>;
L_0x1b90a50 .functor BUFZ 8, v0x1b8ef50_0, C4<00000000>, C4<00000000>, C4<00000000>;
v0x1b8e3a0_0 .net *"_s2", 7 0, L_0x1b90a50; 1 drivers
S_0x1b631e0 .scope generate, "hello[3]" "hello[3]" 2 52, 2 52, S_0x1b66080;
 .timescale 0 0;
P_0x1b67c48 .param/l "l" 2 52, +C4<011>;
L_0x1b90bf0 .functor BUFZ 8, v0x1b8ea90_0, C4<00000000>, C4<00000000>, C4<00000000>;
v0x1b630c0_0 .net *"_s2", 7 0, L_0x1b90bf0; 1 drivers
    .scope S_0x1b8fe00;
T_0 ;
    %wait E_0x1b8ff70;
    %load/v 8, v0x1b8ffa0_0, 8;
    %load/v 16, v0x1b90060_0, 8;
    %cmp/u 8, 16, 8;
    %jmp/0xz  T_0.0, 5;
    %load/v 8, v0x1b8ffa0_0, 8;
    %set/v v0x1b901b0_0, 8, 8;
    %load/v 8, v0x1b90060_0, 8;
    %set/v v0x1b90100_0, 8, 8;
    %jmp T_0.1;
T_0.0 ;
    %load/v 8, v0x1b90060_0, 8;
    %set/v v0x1b901b0_0, 8, 8;
    %load/v 8, v0x1b8ffa0_0, 8;
    %set/v v0x1b90100_0, 8, 8;
T_0.1 ;
    %jmp T_0;
    .thread T_0, $push;
    .scope S_0x1b8f930;
T_1 ;
    %wait E_0x1b8fac0;
    %load/v 8, v0x1b8fb10_0, 8;
    %load/v 16, v0x1b8fbd0_0, 8;
    %cmp/u 8, 16, 8;
    %jmp/0xz  T_1.0, 5;
    %load/v 8, v0x1b8fb10_0, 8;
    %set/v v0x1b8fd20_0, 8, 8;
    %load/v 8, v0x1b8fbd0_0, 8;
    %set/v v0x1b8fc70_0, 8, 8;
    %jmp T_1.1;
T_1.0 ;
    %load/v 8, v0x1b8fbd0_0, 8;
    %set/v v0x1b8fd20_0, 8, 8;
    %load/v 8, v0x1b8fb10_0, 8;
    %set/v v0x1b8fc70_0, 8, 8;
T_1.1 ;
    %jmp T_1;
    .thread T_1, $push;
    .scope S_0x1b8f4d0;
T_2 ;
    %wait E_0x1b8f640;
    %load/v 8, v0x1b8f670_0, 8;
    %load/v 16, v0x1b8f730_0, 8;
    %cmp/u 8, 16, 8;
    %jmp/0xz  T_2.0, 5;
    %load/v 8, v0x1b8f670_0, 8;
    %set/v v0x1b8f880_0, 8, 8;
    %load/v 8, v0x1b8f730_0, 8;
    %set/v v0x1b8f7d0_0, 8, 8;
    %jmp T_2.1;
T_2.0 ;
    %load/v 8, v0x1b8f730_0, 8;
    %set/v v0x1b8f880_0, 8, 8;
    %load/v 8, v0x1b8f670_0, 8;
    %set/v v0x1b8f7d0_0, 8, 8;
T_2.1 ;
    %jmp T_2;
    .thread T_2, $push;
    .scope S_0x1b8f000;
T_3 ;
    %wait E_0x1b8f190;
    %load/v 8, v0x1b8f1e0_0, 8;
    %load/v 16, v0x1b8f2a0_0, 8;
    %cmp/u 8, 16, 8;
    %jmp/0xz  T_3.0, 5;
    %load/v 8, v0x1b8f1e0_0, 8;
    %set/v v0x1b8f3f0_0, 8, 8;
    %load/v 8, v0x1b8f2a0_0, 8;
    %set/v v0x1b8f340_0, 8, 8;
    %jmp T_3.1;
T_3.0 ;
    %load/v 8, v0x1b8f2a0_0, 8;
    %set/v v0x1b8f3f0_0, 8, 8;
    %load/v 8, v0x1b8f1e0_0, 8;
    %set/v v0x1b8f340_0, 8, 8;
T_3.1 ;
    %jmp T_3;
    .thread T_3, $push;
    .scope S_0x1b8eb40;
T_4 ;
    %wait E_0x1b8ecf0;
    %load/v 8, v0x1b8ed40_0, 8;
    %load/v 16, v0x1b8ee00_0, 8;
    %cmp/u 8, 16, 8;
    %jmp/0xz  T_4.0, 5;
    %load/v 8, v0x1b8ed40_0, 8;
    %set/v v0x1b8ef50_0, 8, 8;
    %load/v 8, v0x1b8ee00_0, 8;
    %set/v v0x1b8eea0_0, 8, 8;
    %jmp T_4.1;
T_4.0 ;
    %load/v 8, v0x1b8ee00_0, 8;
    %set/v v0x1b8ef50_0, 8, 8;
    %load/v 8, v0x1b8ed40_0, 8;
    %set/v v0x1b8eea0_0, 8, 8;
T_4.1 ;
    %jmp T_4;
    .thread T_4, $push;
    .scope S_0x1b8e690;
T_5 ;
    %wait E_0x1b8e840;
    %load/v 8, v0x1b8e890_0, 8;
    %load/v 16, v0x1b8e950_0, 8;
    %cmp/u 8, 16, 8;
    %jmp/0xz  T_5.0, 5;
    %load/v 8, v0x1b8e890_0, 8;
    %set/v v0x1b8ea90_0, 8, 8;
    %load/v 8, v0x1b8e950_0, 8;
    %set/v v0x1b8e9f0_0, 8, 8;
    %jmp T_5.1;
T_5.0 ;
    %load/v 8, v0x1b8e950_0, 8;
    %set/v v0x1b8ea90_0, 8, 8;
    %load/v 8, v0x1b8e890_0, 8;
    %set/v v0x1b8e9f0_0, 8, 8;
T_5.1 ;
    %jmp T_5;
    .thread T_5, $push;
# The file index is used to find the file name in the following table.
:file_names 4;
    "N/A";
    "<interactive>";
    "sort5number.v";
    "comparator.v";
